2024-01-28 15:56:58	2	SERVER -> CLIENT: 220 mail-nwsmtp-smtp-production-main-90.myt.yp-c.yandex.net (Want to use Yandex.Mail for your domain? Visit http://pdd.yandex.ru) 1706457418-wuZUjKBOd4Y0

2024-01-28 15:56:58	1	CLIENT -> SERVER: EHLO kant-design.ru

2024-01-28 15:56:58	2	SERVER -> CLIENT: 250-mail-nwsmtp-smtp-production-main-90.myt.yp-c.yandex.net
250-8BITMIME
250-PIPELINING
250-SIZE 53477376
250-STARTTLS
250-AUTH LOGIN PLAIN XOAUTH2
250-DSN
250 ENHANCEDSTATUSCODES

2024-01-28 15:56:58	1	CLIENT -> SERVER: AUTH LOGIN

2024-01-28 15:56:58	2	SERVER -> CLIENT: 334 VXNlcm5hbWU6

2024-01-28 15:56:58	1	CLIENT -> SERVER: [credentials hidden]
2024-01-28 15:56:58	2	SERVER -> CLIENT: 334 UGFzc3dvcmQ6

2024-01-28 15:56:58	1	CLIENT -> SERVER: [credentials hidden]
2024-01-28 15:56:58	2	SERVER -> CLIENT: 235 2.7.0 Authentication successful. 1706457418-wuZUjKBOd4Y0

2024-01-28 15:56:58	1	CLIENT -> SERVER: MAIL FROM:<valeriazavidy@yandex.ru>

2024-01-28 15:56:58	2	SERVER -> CLIENT: 250 2.1.0 <valeriazavidy@yandex.ru> ok 1706457418-wuZUjKBOd4Y0-N3CNvqVY

2024-01-28 15:56:58	1	CLIENT -> SERVER: RCPT TO:<valeriazavidy@yandex.ru>

2024-01-28 15:56:58	2	SERVER -> CLIENT: 250 2.1.5 <valeriazavidy@yandex.ru> recipient ok 1706457418-wuZUjKBOd4Y0-N3CNvqVY

2024-01-28 15:56:58	1	CLIENT -> SERVER: DATA

2024-01-28 15:56:58	2	SERVER -> CLIENT: 354 Start mail input, end with <CRLF>.<CRLF>

2024-01-28 15:56:58	1	CLIENT -> SERVER: Date: Sun, 28 Jan 2024 18:56:58 +0300

2024-01-28 15:56:58	1	CLIENT -> SERVER: To: valeriazavidy@yandex.ru

2024-01-28 15:56:58	1	CLIENT -> SERVER: From: Site <valeriazavidy@yandex.ru>

2024-01-28 15:56:58	1	CLIENT -> SERVER: Subject: =?UTF-8?B?0KHQvtC+0LHRidC10L3QuNC1INGBINGE0L7RgNC80Ysg0L7QsdGA0LDRgtC9?=

2024-01-28 15:56:58	1	CLIENT -> SERVER:  =?UTF-8?B?0L7QuSDRgdCy0Y/Qt9C4?=

2024-01-28 15:56:58	1	CLIENT -> SERVER: Message-ID: <Cy6NqnDNV5wSCpa0WIczcqFHoR0fMwsPlBv2OATvHo@kant-design.ru>

2024-01-28 15:56:58	1	CLIENT -> SERVER: X-Mailer: PHPMailer 6.6.0 (https://github.com/PHPMailer/PHPMailer)

2024-01-28 15:56:58	1	CLIENT -> SERVER: MIME-Version: 1.0

2024-01-28 15:56:58	1	CLIENT -> SERVER: Content-Type: text/html; charset=UTF-8

2024-01-28 15:56:58	1	CLIENT -> SERVER: Content-Transfer-Encoding: base64

2024-01-28 15:56:58	1	CLIENT -> SERVER: 

2024-01-28 15:56:58	1	CLIENT -> SERVER: PHRhYmxlIHN0eWxlPSJiYWNrZ3JvdW5kLWNvbG9yOiNmMWYxZjE7IHdpZHRoOjEwMCU7IiBhbGln

2024-01-28 15:56:58	1	CLIENT -> SERVER: bj0iY2VudGVyIiB3aWR0aD0iMTAwJSIgYm9yZGVyPSIwIiBjZWxscGFkZGluZz0iMCIgY2VsbHNw

2024-01-28 15:56:58	1	CLIENT -> SERVER: YWNpbmc9IjAiPgogIDx0Ym9keT4KICAgIDx0cj4KICAgICAgPHRkIGFsaWduPSJjZW50ZXIiIHN0

2024-01-28 15:56:58	1	CLIENT -> SERVER: eWxlPSJ2ZXJ0aWNhbC1hbGlnbjp0b3A7IHBhZGRpbmc6MzBweCAwOyB0ZXh0LWFsaWduOmNlbnRl

2024-01-28 15:56:58	1	CLIENT -> SERVER: ciI+CiAgICAgICAgPHRhYmxlIHN0eWxlPSJ0ZXh0LWFsaWduOmxlZnQ7IHdpZHRoOjY4MHB4OyBt

2024-01-28 15:56:58	1	CLIENT -> SERVER: YXJnaW46MCBhdXRvOyBmb250LXNpemU6MTRweDsgYm9yZGVyLXNwYWNpbmc6MHB4Ij4KICAgICAg

2024-01-28 15:56:58	1	CLIENT -> SERVER: ICAgIDx0Ym9keT4KICAgICAgICAgICAgPHRyPgogICAgICAgICAgICAgIDx0ZCBiZ2NvbG9yPSIj

2024-01-28 15:56:58	1	CLIENT -> SERVER: ZmZmIiBzdHlsZT0icGFkZGluZzogMTVweDsiPgogICAgICAgICAgICAgICAgPGZvbnQgY29sb3I9

2024-01-28 15:56:58	1	CLIENT -> SERVER: IiM3NzciIHN0eWxlPSJmb250LXNpemU6MThweCI+0KHQvtC+0LHRidC10L3QuNC1INGBINGE0L7R

2024-01-28 15:56:58	1	CLIENT -> SERVER: gNC80Ysg0L7QsdGA0LDRgtC90L7QuSDRgdCy0Y/Qt9C4PC9mb250PgogICAgICAgICAgICAgIDwv

2024-01-28 15:56:58	1	CLIENT -> SERVER: dGQ+CiAgICAgICAgICAgIDwvdHI+CiAgICAgICAgICAgIDx0cj4KICAgICAgICAgICAgICA8dGQg

2024-01-28 15:56:58	1	CLIENT -> SERVER: aGVpZ2h0PSIyNSI+PC90ZD4KICAgICAgICAgICAgPC90cj4KICAgICAgICAgICAgPHRyPgogICAg

2024-01-28 15:56:58	1	CLIENT -> SERVER: ICAgICAgICAgIDx0ZCBiZ2NvbG9yPSIjZmZmIiBzdHlsZT0icGFkZGluZzogMTVweDsiPgogICAg

2024-01-28 15:56:58	1	CLIENT -> SERVER: ICAgICAgICAgICAg0J/QvtC70YzQt9C+0LLQsNGC0LXQu9GMIDxiPtCX0LDQstC40LTQuNC5INCc

2024-01-28 15:56:58	1	CLIENT -> SERVER: 0LDQutGB0LjQvCDQrtGA0YzQtdCy0LjRhzwvYj4g0L7RgdGC0LDQstC40Lsg0YHQu9C10LTRg9GO

2024-01-28 15:56:58	1	CLIENT -> SERVER: 0YnQtdC1INGB0L7QvtCx0YnQtdC90LjQtToKICAgICAgICAgICAgICAgIDxocj4KICAgICAgICAg

2024-01-28 15:56:58	1	CLIENT -> SERVER: ICAgICAgIGFkc3NkYXNhZGFzZGFzZHNkYWRzYWRzYWRhcwogICAgICAgICAgICAgICAgPGhyPgog

2024-01-28 15:56:58	1	CLIENT -> SERVER: ICAgICAgICAgICAgICAgRW1haWwg0L/QvtC70YzQt9C+0LLQsNGC0LXQu9GPOiA8Yj56YXZpZGl5

2024-01-28 15:56:58	1	CLIENT -> SERVER: MTk5OEBtYWlsLnJ1PC9iPgogICAgICAgICAgICAgICAgPGJyPgogICAgICAgICAgICAgICAg0JTQ

2024-01-28 15:56:58	1	CLIENT -> SERVER: sNGC0LAg0L7RgtC/0YDQsNCy0LrQuDogPGI+MjguMDEuMjAyNCAxODo1NjwvYj4KICAgICAgICAg

2024-01-28 15:56:58	1	CLIENT -> SERVER: ICAgICAgIDxicj4KICAgICAgICAgICAgICAgIAogICAgICAgICAgICAgIDwvdGQ+CiAgICAgICAg

2024-01-28 15:56:58	1	CLIENT -> SERVER: ICAgIDwvdHI+CiAgICAgICAgICAgIDx0cj4KICAgICAgICAgICAgICA8dGQgaGVpZ2h0PSIyNSI+

2024-01-28 15:56:58	1	CLIENT -> SERVER: PC90ZD4KICAgICAgICAgICAgPC90cj4KICAgICAgICAgICAgPHRyPgogICAgICAgICAgICAgIDx0

2024-01-28 15:56:58	1	CLIENT -> SERVER: ZCBiZ2NvbG9yPSIjZmZmICIgc3R5bGU9InBhZGRpbmc6IDIwcHggMTVweDsgY29sb3I6ICM3Nzc7

2024-01-28 15:56:58	1	CLIENT -> SERVER: IGZvbnQtc2l6ZTogMTRweDsiPgogICAgICAgICAgICAgICAgPHA+JmNvcHk7IDIwMjIg0JzQvtC5

2024-01-28 15:56:58	1	CLIENT -> SERVER: INGB0LDQudGCLjwvcD4KICAgICAgICAgICAgICA8L3RkPgogICAgICAgICAgICA8L3RyPgogICAg

2024-01-28 15:56:58	1	CLIENT -> SERVER: ICAgICAgPC90Ym9keT4KICAgICAgICA8L3RhYmxlPgogICAgICA8L3RkPgogICAgPC90cj4KICA8

2024-01-28 15:56:58	1	CLIENT -> SERVER: L3Rib2R5Pgo8L3RhYmxlPgo=

2024-01-28 15:56:58	1	CLIENT -> SERVER: 

2024-01-28 15:56:58	1	CLIENT -> SERVER: .

2024-01-28 15:56:58	2	SERVER -> CLIENT: 250 2.0.0 Ok: queued on mail-nwsmtp-smtp-production-main-90.myt.yp-c.yandex.net 1706457418-wuZUjKBOd4Y0-N3CNvqVY

2024-01-28 15:56:58	1	CLIENT -> SERVER: QUIT

2024-01-28 15:56:58	2	SERVER -> CLIENT: 221 2.0.0 Closing connecton

2024-01-28 15:57:30	2	SERVER -> CLIENT: 220 mail-nwsmtp-smtp-production-canary-88.sas.yp-c.yandex.net (Want to use Yandex.Mail for your domain? Visit http://pdd.yandex.ru) 1706457450-UvZqr0AEaOs0

2024-01-28 15:57:30	1	CLIENT -> SERVER: EHLO kant-design.ru

2024-01-28 15:57:30	2	SERVER -> CLIENT: 250-mail-nwsmtp-smtp-production-canary-88.sas.yp-c.yandex.net
250-8BITMIME
250-PIPELINING
250-SIZE 53477376
250-STARTTLS
250-AUTH LOGIN PLAIN XOAUTH2
250-DSN
250 ENHANCEDSTATUSCODES

2024-01-28 15:57:30	1	CLIENT -> SERVER: AUTH LOGIN

2024-01-28 15:57:30	2	SERVER -> CLIENT: 334 VXNlcm5hbWU6

2024-01-28 15:57:30	1	CLIENT -> SERVER: [credentials hidden]
2024-01-28 15:57:30	2	SERVER -> CLIENT: 334 UGFzc3dvcmQ6

2024-01-28 15:57:30	1	CLIENT -> SERVER: [credentials hidden]
2024-01-28 15:57:30	2	SERVER -> CLIENT: 235 2.7.0 Authentication successful. 1706457450-UvZqr0AEaOs0

2024-01-28 15:57:30	1	CLIENT -> SERVER: MAIL FROM:<valeriazavidy@yandex.ru>

2024-01-28 15:57:30	2	SERVER -> CLIENT: 250 2.1.0 <valeriazavidy@yandex.ru> ok 1706457450-UvZqr0AEaOs0-Mc0pVvbQ

2024-01-28 15:57:30	1	CLIENT -> SERVER: RCPT TO:<valeriazavidy@yandex.ru>

2024-01-28 15:57:30	2	SERVER -> CLIENT: 250 2.1.5 <valeriazavidy@yandex.ru> recipient ok 1706457450-UvZqr0AEaOs0-Mc0pVvbQ

2024-01-28 15:57:30	1	CLIENT -> SERVER: DATA

2024-01-28 15:57:30	2	SERVER -> CLIENT: 354 Start mail input, end with <CRLF>.<CRLF>

2024-01-28 15:57:30	1	CLIENT -> SERVER: Date: Sun, 28 Jan 2024 18:57:30 +0300

2024-01-28 15:57:30	1	CLIENT -> SERVER: To: valeriazavidy@yandex.ru

2024-01-28 15:57:30	1	CLIENT -> SERVER: From: Site <valeriazavidy@yandex.ru>

2024-01-28 15:57:30	1	CLIENT -> SERVER: Subject: =?UTF-8?B?0KHQvtC+0LHRidC10L3QuNC1INGBINGE0L7RgNC80Ysg0L7QsdGA0LDRgtC9?=

2024-01-28 15:57:30	1	CLIENT -> SERVER:  =?UTF-8?B?0L7QuSDRgdCy0Y/Qt9C4?=

2024-01-28 15:57:30	1	CLIENT -> SERVER: Message-ID: <dg8v5McXTF1m1X0VJrG4Oy10Bf2ycWvaJYfigDKs@kant-design.ru>

2024-01-28 15:57:30	1	CLIENT -> SERVER: X-Mailer: PHPMailer 6.6.0 (https://github.com/PHPMailer/PHPMailer)

2024-01-28 15:57:30	1	CLIENT -> SERVER: MIME-Version: 1.0

2024-01-28 15:57:30	1	CLIENT -> SERVER: Content-Type: text/html; charset=UTF-8

2024-01-28 15:57:30	1	CLIENT -> SERVER: Content-Transfer-Encoding: base64

2024-01-28 15:57:30	1	CLIENT -> SERVER: 

2024-01-28 15:57:30	1	CLIENT -> SERVER: PHRhYmxlIHN0eWxlPSJiYWNrZ3JvdW5kLWNvbG9yOiNmMWYxZjE7IHdpZHRoOjEwMCU7IiBhbGln

2024-01-28 15:57:30	1	CLIENT -> SERVER: bj0iY2VudGVyIiB3aWR0aD0iMTAwJSIgYm9yZGVyPSIwIiBjZWxscGFkZGluZz0iMCIgY2VsbHNw

2024-01-28 15:57:30	1	CLIENT -> SERVER: YWNpbmc9IjAiPgogIDx0Ym9keT4KICAgIDx0cj4KICAgICAgPHRkIGFsaWduPSJjZW50ZXIiIHN0

2024-01-28 15:57:30	1	CLIENT -> SERVER: eWxlPSJ2ZXJ0aWNhbC1hbGlnbjp0b3A7IHBhZGRpbmc6MzBweCAwOyB0ZXh0LWFsaWduOmNlbnRl

2024-01-28 15:57:30	1	CLIENT -> SERVER: ciI+CiAgICAgICAgPHRhYmxlIHN0eWxlPSJ0ZXh0LWFsaWduOmxlZnQ7IHdpZHRoOjY4MHB4OyBt

2024-01-28 15:57:30	1	CLIENT -> SERVER: YXJnaW46MCBhdXRvOyBmb250LXNpemU6MTRweDsgYm9yZGVyLXNwYWNpbmc6MHB4Ij4KICAgICAg

2024-01-28 15:57:30	1	CLIENT -> SERVER: ICAgIDx0Ym9keT4KICAgICAgICAgICAgPHRyPgogICAgICAgICAgICAgIDx0ZCBiZ2NvbG9yPSIj

2024-01-28 15:57:30	1	CLIENT -> SERVER: ZmZmIiBzdHlsZT0icGFkZGluZzogMTVweDsiPgogICAgICAgICAgICAgICAgPGZvbnQgY29sb3I9

2024-01-28 15:57:30	1	CLIENT -> SERVER: IiM3NzciIHN0eWxlPSJmb250LXNpemU6MThweCI+0KHQvtC+0LHRidC10L3QuNC1INGBINGE0L7R

2024-01-28 15:57:30	1	CLIENT -> SERVER: gNC80Ysg0L7QsdGA0LDRgtC90L7QuSDRgdCy0Y/Qt9C4PC9mb250PgogICAgICAgICAgICAgIDwv

2024-01-28 15:57:30	1	CLIENT -> SERVER: dGQ+CiAgICAgICAgICAgIDwvdHI+CiAgICAgICAgICAgIDx0cj4KICAgICAgICAgICAgICA8dGQg

2024-01-28 15:57:30	1	CLIENT -> SERVER: aGVpZ2h0PSIyNSI+PC90ZD4KICAgICAgICAgICAgPC90cj4KICAgICAgICAgICAgPHRyPgogICAg

2024-01-28 15:57:30	1	CLIENT -> SERVER: ICAgICAgICAgIDx0ZCBiZ2NvbG9yPSIjZmZmIiBzdHlsZT0icGFkZGluZzogMTVweDsiPgogICAg

2024-01-28 15:57:30	1	CLIENT -> SERVER: ICAgICAgICAgICAg0J/QvtC70YzQt9C+0LLQsNGC0LXQu9GMIDxiPtCX0LDQstC40LTQuNC5INCc

2024-01-28 15:57:30	1	CLIENT -> SERVER: 0LDQutGB0LjQvCDQrtGA0YzQtdCy0LjRhzwvYj4g0L7RgdGC0LDQstC40Lsg0YHQu9C10LTRg9GO

2024-01-28 15:57:30	1	CLIENT -> SERVER: 0YnQtdC1INGB0L7QvtCx0YnQtdC90LjQtToKICAgICAgICAgICAgICAgIDxocj4KICAgICAgICAg

2024-01-28 15:57:30	1	CLIENT -> SERVER: ICAgICAgIGhnZ2hoamhqa2hqaGtqa2hqa2hqa2poaGtqamhramtoamtoamhrCiAgICAgICAgICAg

2024-01-28 15:57:30	1	CLIENT -> SERVER: ICAgICA8aHI+CiAgICAgICAgICAgICAgICBFbWFpbCDQv9C+0LvRjNC30L7QstCw0YLQtdC70Y86

2024-01-28 15:57:30	1	CLIENT -> SERVER: IDxiPnphdmlkaXkxOTk4QG1haWwucnU8L2I+CiAgICAgICAgICAgICAgICA8YnI+CiAgICAgICAg

2024-01-28 15:57:30	1	CLIENT -> SERVER: ICAgICAgICDQlNCw0YLQsCDQvtGC0L/RgNCw0LLQutC4OiA8Yj4yOC4wMS4yMDI0IDE4OjU3PC9i

2024-01-28 15:57:30	1	CLIENT -> SERVER: PgogICAgICAgICAgICAgICAgPGJyPgogICAgICAgICAgICAgICAgCiAgICAgICAgICAgICAgPC90

2024-01-28 15:57:30	1	CLIENT -> SERVER: ZD4KICAgICAgICAgICAgPC90cj4KICAgICAgICAgICAgPHRyPgogICAgICAgICAgICAgIDx0ZCBo

2024-01-28 15:57:30	1	CLIENT -> SERVER: ZWlnaHQ9IjI1Ij48L3RkPgogICAgICAgICAgICA8L3RyPgogICAgICAgICAgICA8dHI+CiAgICAg

2024-01-28 15:57:30	1	CLIENT -> SERVER: ICAgICAgICAgPHRkIGJnY29sb3I9IiNmZmYgIiBzdHlsZT0icGFkZGluZzogMjBweCAxNXB4OyBj

2024-01-28 15:57:30	1	CLIENT -> SERVER: b2xvcjogIzc3NzsgZm9udC1zaXplOiAxNHB4OyI+CiAgICAgICAgICAgICAgICA8cD4mY29weTsg

2024-01-28 15:57:30	1	CLIENT -> SERVER: MjAyMiDQnNC+0Lkg0YHQsNC50YIuPC9wPgogICAgICAgICAgICAgIDwvdGQ+CiAgICAgICAgICAg

2024-01-28 15:57:30	1	CLIENT -> SERVER: IDwvdHI+CiAgICAgICAgICA8L3Rib2R5PgogICAgICAgIDwvdGFibGU+CiAgICAgIDwvdGQ+CiAg

2024-01-28 15:57:30	1	CLIENT -> SERVER: ICA8L3RyPgogIDwvdGJvZHk+CjwvdGFibGU+Cg==

2024-01-28 15:57:30	1	CLIENT -> SERVER: 

2024-01-28 15:57:30	1	CLIENT -> SERVER: .

2024-01-28 15:57:30	2	SERVER -> CLIENT: 250 2.0.0 Ok: queued on mail-nwsmtp-smtp-production-canary-88.sas.yp-c.yandex.net 1706457450-UvZqr0AEaOs0-Mc0pVvbQ

2024-01-28 15:57:30	1	CLIENT -> SERVER: QUIT

2024-01-28 15:57:30	2	SERVER -> CLIENT: 221 2.0.0 Closing connecton

2024-01-28 15:58:52	2	SERVER -> CLIENT: 220 mail-nwsmtp-smtp-production-main-24.iva.yp-c.yandex.net (Want to use Yandex.Mail for your domain? Visit http://pdd.yandex.ru) 1706457532-qwZgpF8Rt0U0

2024-01-28 15:58:52	1	CLIENT -> SERVER: EHLO kant-design.ru

2024-01-28 15:58:52	2	SERVER -> CLIENT: 250-mail-nwsmtp-smtp-production-main-24.iva.yp-c.yandex.net
250-8BITMIME
250-PIPELINING
250-SIZE 53477376
250-STARTTLS
250-AUTH LOGIN PLAIN XOAUTH2
250-DSN
250 ENHANCEDSTATUSCODES

2024-01-28 15:58:52	1	CLIENT -> SERVER: AUTH LOGIN

2024-01-28 15:58:52	2	SERVER -> CLIENT: 334 VXNlcm5hbWU6

2024-01-28 15:58:52	1	CLIENT -> SERVER: [credentials hidden]
2024-01-28 15:58:52	2	SERVER -> CLIENT: 334 UGFzc3dvcmQ6

2024-01-28 15:58:52	1	CLIENT -> SERVER: [credentials hidden]
2024-01-28 15:58:52	2	SERVER -> CLIENT: 235 2.7.0 Authentication successful. 1706457532-qwZgpF8Rt0U0

2024-01-28 15:58:52	1	CLIENT -> SERVER: MAIL FROM:<valeriazavidy@yandex.ru>

2024-01-28 15:58:52	2	SERVER -> CLIENT: 250 2.1.0 <valeriazavidy@yandex.ru> ok 1706457532-qwZgpF8Rt0U0-3csfcslU

2024-01-28 15:58:52	1	CLIENT -> SERVER: RCPT TO:<valeriazavidy@yandex.ru>

2024-01-28 15:58:52	2	SERVER -> CLIENT: 250 2.1.5 <valeriazavidy@yandex.ru> recipient ok 1706457532-qwZgpF8Rt0U0-3csfcslU

2024-01-28 15:58:52	1	CLIENT -> SERVER: DATA

2024-01-28 15:58:52	2	SERVER -> CLIENT: 354 Start mail input, end with <CRLF>.<CRLF>

2024-01-28 15:58:52	1	CLIENT -> SERVER: Date: Sun, 28 Jan 2024 18:58:52 +0300

2024-01-28 15:58:52	1	CLIENT -> SERVER: To: valeriazavidy@yandex.ru

2024-01-28 15:58:52	1	CLIENT -> SERVER: From: Site <valeriazavidy@yandex.ru>

2024-01-28 15:58:52	1	CLIENT -> SERVER: Subject: =?UTF-8?B?0KHQvtC+0LHRidC10L3QuNC1INGBINGE0L7RgNC80Ysg0L7QsdGA0LDRgtC9?=

2024-01-28 15:58:52	1	CLIENT -> SERVER:  =?UTF-8?B?0L7QuSDRgdCy0Y/Qt9C4?=

2024-01-28 15:58:52	1	CLIENT -> SERVER: Message-ID: <ddlTgnaONinGdXrDebbW62ZdQutJfUpIRVOAI@kant-design.ru>

2024-01-28 15:58:52	1	CLIENT -> SERVER: X-Mailer: PHPMailer 6.6.0 (https://github.com/PHPMailer/PHPMailer)

2024-01-28 15:58:52	1	CLIENT -> SERVER: MIME-Version: 1.0

2024-01-28 15:58:52	1	CLIENT -> SERVER: Content-Type: text/html; charset=UTF-8

2024-01-28 15:58:52	1	CLIENT -> SERVER: Content-Transfer-Encoding: base64

2024-01-28 15:58:52	1	CLIENT -> SERVER: 

2024-01-28 15:58:52	1	CLIENT -> SERVER: PHRhYmxlIHN0eWxlPSJiYWNrZ3JvdW5kLWNvbG9yOiNmMWYxZjE7IHdpZHRoOjEwMCU7IiBhbGln

2024-01-28 15:58:52	1	CLIENT -> SERVER: bj0iY2VudGVyIiB3aWR0aD0iMTAwJSIgYm9yZGVyPSIwIiBjZWxscGFkZGluZz0iMCIgY2VsbHNw

2024-01-28 15:58:52	1	CLIENT -> SERVER: YWNpbmc9IjAiPgogIDx0Ym9keT4KICAgIDx0cj4KICAgICAgPHRkIGFsaWduPSJjZW50ZXIiIHN0

2024-01-28 15:58:52	1	CLIENT -> SERVER: eWxlPSJ2ZXJ0aWNhbC1hbGlnbjp0b3A7IHBhZGRpbmc6MzBweCAwOyB0ZXh0LWFsaWduOmNlbnRl

2024-01-28 15:58:52	1	CLIENT -> SERVER: ciI+CiAgICAgICAgPHRhYmxlIHN0eWxlPSJ0ZXh0LWFsaWduOmxlZnQ7IHdpZHRoOjY4MHB4OyBt

2024-01-28 15:58:52	1	CLIENT -> SERVER: YXJnaW46MCBhdXRvOyBmb250LXNpemU6MTRweDsgYm9yZGVyLXNwYWNpbmc6MHB4Ij4KICAgICAg

2024-01-28 15:58:52	1	CLIENT -> SERVER: ICAgIDx0Ym9keT4KICAgICAgICAgICAgPHRyPgogICAgICAgICAgICAgIDx0ZCBiZ2NvbG9yPSIj

2024-01-28 15:58:52	1	CLIENT -> SERVER: ZmZmIiBzdHlsZT0icGFkZGluZzogMTVweDsiPgogICAgICAgICAgICAgICAgPGZvbnQgY29sb3I9

2024-01-28 15:58:52	1	CLIENT -> SERVER: IiM3NzciIHN0eWxlPSJmb250LXNpemU6MThweCI+0KHQvtC+0LHRidC10L3QuNC1INGBINGE0L7R

2024-01-28 15:58:52	1	CLIENT -> SERVER: gNC80Ysg0L7QsdGA0LDRgtC90L7QuSDRgdCy0Y/Qt9C4PC9mb250PgogICAgICAgICAgICAgIDwv

2024-01-28 15:58:52	1	CLIENT -> SERVER: dGQ+CiAgICAgICAgICAgIDwvdHI+CiAgICAgICAgICAgIDx0cj4KICAgICAgICAgICAgICA8dGQg

2024-01-28 15:58:52	1	CLIENT -> SERVER: aGVpZ2h0PSIyNSI+PC90ZD4KICAgICAgICAgICAgPC90cj4KICAgICAgICAgICAgPHRyPgogICAg

2024-01-28 15:58:52	1	CLIENT -> SERVER: ICAgICAgICAgIDx0ZCBiZ2NvbG9yPSIjZmZmIiBzdHlsZT0icGFkZGluZzogMTVweDsiPgogICAg

2024-01-28 15:58:52	1	CLIENT -> SERVER: ICAgICAgICAgICAg0J/QvtC70YzQt9C+0LLQsNGC0LXQu9GMIDxiPtCX0LDQstC40LTQuNC5INCc

2024-01-28 15:58:52	1	CLIENT -> SERVER: 0LDQutGB0LjQvCDQrtGA0YzQtdCy0LjRhzwvYj4g0L7RgdGC0LDQstC40Lsg0YHQu9C10LTRg9GO

2024-01-28 15:58:52	1	CLIENT -> SERVER: 0YnQtdC1INGB0L7QvtCx0YnQtdC90LjQtToKICAgICAgICAgICAgICAgIDxocj4KICAgICAgICAg

2024-01-28 15:58:52	1	CLIENT -> SERVER: ICAgICAgIGdoZmdoZ2Zra2pqa2tqa2hqa2hqZ2Zkc2FkZmdoamZkc2FkZmdoCiAgICAgICAgICAg

2024-01-28 15:58:52	1	CLIENT -> SERVER: ICAgICA8aHI+CiAgICAgICAgICAgICAgICBFbWFpbCDQv9C+0LvRjNC30L7QstCw0YLQtdC70Y86

2024-01-28 15:58:52	1	CLIENT -> SERVER: IDxiPnphdmlkaXkxOTk4QG1haWwucnU8L2I+CiAgICAgICAgICAgICAgICA8YnI+CiAgICAgICAg

2024-01-28 15:58:52	1	CLIENT -> SERVER: ICAgICAgICDQlNCw0YLQsCDQvtGC0L/RgNCw0LLQutC4OiA8Yj4yOC4wMS4yMDI0IDE4OjU4PC9i

2024-01-28 15:58:52	1	CLIENT -> SERVER: PgogICAgICAgICAgICAgICAgPGJyPgogICAgICAgICAgICAgICAgCiAgICAgICAgICAgICAgPC90

2024-01-28 15:58:52	1	CLIENT -> SERVER: ZD4KICAgICAgICAgICAgPC90cj4KICAgICAgICAgICAgPHRyPgogICAgICAgICAgICAgIDx0ZCBo

2024-01-28 15:58:52	1	CLIENT -> SERVER: ZWlnaHQ9IjI1Ij48L3RkPgogICAgICAgICAgICA8L3RyPgogICAgICAgICAgICA8dHI+CiAgICAg

2024-01-28 15:58:52	1	CLIENT -> SERVER: ICAgICAgICAgPHRkIGJnY29sb3I9IiNmZmYgIiBzdHlsZT0icGFkZGluZzogMjBweCAxNXB4OyBj

2024-01-28 15:58:52	1	CLIENT -> SERVER: b2xvcjogIzc3NzsgZm9udC1zaXplOiAxNHB4OyI+CiAgICAgICAgICAgICAgICA8cD4mY29weTsg

2024-01-28 15:58:52	1	CLIENT -> SERVER: MjAyMiDQnNC+0Lkg0YHQsNC50YIuPC9wPgogICAgICAgICAgICAgIDwvdGQ+CiAgICAgICAgICAg

2024-01-28 15:58:52	1	CLIENT -> SERVER: IDwvdHI+CiAgICAgICAgICA8L3Rib2R5PgogICAgICAgIDwvdGFibGU+CiAgICAgIDwvdGQ+CiAg

2024-01-28 15:58:52	1	CLIENT -> SERVER: ICA8L3RyPgogIDwvdGJvZHk+CjwvdGFibGU+Cg==

2024-01-28 15:58:52	1	CLIENT -> SERVER: 

2024-01-28 15:58:52	1	CLIENT -> SERVER: .

2024-01-28 15:58:52	2	SERVER -> CLIENT: 250 2.0.0 Ok: queued on mail-nwsmtp-smtp-production-main-24.iva.yp-c.yandex.net 1706457532-qwZgpF8Rt0U0-3csfcslU

2024-01-28 15:58:52	1	CLIENT -> SERVER: QUIT

2024-01-28 15:58:52	2	SERVER -> CLIENT: 221 2.0.0 Closing connecton

2024-01-28 15:59:28	2	SERVER -> CLIENT: 220 mail-nwsmtp-smtp-production-main-25.sas.yp-c.yandex.net (Want to use Yandex.Mail for your domain? Visit http://pdd.yandex.ru) 1706457568-SxZiB8A8P8c0

2024-01-28 15:59:28	1	CLIENT -> SERVER: EHLO kant-design.ru

2024-01-28 15:59:28	2	SERVER -> CLIENT: 250-mail-nwsmtp-smtp-production-main-25.sas.yp-c.yandex.net
250-8BITMIME
250-PIPELINING
250-SIZE 53477376
250-STARTTLS
250-AUTH LOGIN PLAIN XOAUTH2
250-DSN
250 ENHANCEDSTATUSCODES

2024-01-28 15:59:28	1	CLIENT -> SERVER: AUTH LOGIN

2024-01-28 15:59:28	2	SERVER -> CLIENT: 334 VXNlcm5hbWU6

2024-01-28 15:59:28	1	CLIENT -> SERVER: [credentials hidden]
2024-01-28 15:59:28	2	SERVER -> CLIENT: 334 UGFzc3dvcmQ6

2024-01-28 15:59:28	1	CLIENT -> SERVER: [credentials hidden]
2024-01-28 15:59:28	2	SERVER -> CLIENT: 235 2.7.0 Authentication successful. 1706457568-SxZiB8A8P8c0

2024-01-28 15:59:28	1	CLIENT -> SERVER: MAIL FROM:<valeriazavidy@yandex.ru>

2024-01-28 15:59:28	2	SERVER -> CLIENT: 250 2.1.0 <valeriazavidy@yandex.ru> ok 1706457568-SxZiB8A8P8c0-3PhHvR8s

2024-01-28 15:59:28	1	CLIENT -> SERVER: RCPT TO:<valeriazavidy@yandex.ru>

2024-01-28 15:59:28	2	SERVER -> CLIENT: 250 2.1.5 <valeriazavidy@yandex.ru> recipient ok 1706457568-SxZiB8A8P8c0-3PhHvR8s

2024-01-28 15:59:28	1	CLIENT -> SERVER: DATA

2024-01-28 15:59:28	2	SERVER -> CLIENT: 354 Start mail input, end with <CRLF>.<CRLF>

2024-01-28 15:59:28	1	CLIENT -> SERVER: Date: Sun, 28 Jan 2024 18:59:28 +0300

2024-01-28 15:59:28	1	CLIENT -> SERVER: To: valeriazavidy@yandex.ru

2024-01-28 15:59:28	1	CLIENT -> SERVER: From: Site <valeriazavidy@yandex.ru>

2024-01-28 15:59:28	1	CLIENT -> SERVER: Subject: =?UTF-8?B?0KHQvtC+0LHRidC10L3QuNC1INGBINGE0L7RgNC80Ysg0L7QsdGA0LDRgtC9?=

2024-01-28 15:59:28	1	CLIENT -> SERVER:  =?UTF-8?B?0L7QuSDRgdCy0Y/Qt9C4?=

2024-01-28 15:59:28	1	CLIENT -> SERVER: Message-ID: <QrNXyUVZoShQm0sMu0H0bvZaPekKggvWk1xJFnHFMis@kant-design.ru>

2024-01-28 15:59:28	1	CLIENT -> SERVER: X-Mailer: PHPMailer 6.6.0 (https://github.com/PHPMailer/PHPMailer)

2024-01-28 15:59:28	1	CLIENT -> SERVER: MIME-Version: 1.0

2024-01-28 15:59:28	1	CLIENT -> SERVER: Content-Type: text/html; charset=UTF-8

2024-01-28 15:59:28	1	CLIENT -> SERVER: Content-Transfer-Encoding: base64

2024-01-28 15:59:28	1	CLIENT -> SERVER: 

2024-01-28 15:59:28	1	CLIENT -> SERVER: PHRhYmxlIHN0eWxlPSJiYWNrZ3JvdW5kLWNvbG9yOiNmMWYxZjE7IHdpZHRoOjEwMCU7IiBhbGln

2024-01-28 15:59:28	1	CLIENT -> SERVER: bj0iY2VudGVyIiB3aWR0aD0iMTAwJSIgYm9yZGVyPSIwIiBjZWxscGFkZGluZz0iMCIgY2VsbHNw

2024-01-28 15:59:28	1	CLIENT -> SERVER: YWNpbmc9IjAiPgogIDx0Ym9keT4KICAgIDx0cj4KICAgICAgPHRkIGFsaWduPSJjZW50ZXIiIHN0

2024-01-28 15:59:28	1	CLIENT -> SERVER: eWxlPSJ2ZXJ0aWNhbC1hbGlnbjp0b3A7IHBhZGRpbmc6MzBweCAwOyB0ZXh0LWFsaWduOmNlbnRl

2024-01-28 15:59:28	1	CLIENT -> SERVER: ciI+CiAgICAgICAgPHRhYmxlIHN0eWxlPSJ0ZXh0LWFsaWduOmxlZnQ7IHdpZHRoOjY4MHB4OyBt

2024-01-28 15:59:28	1	CLIENT -> SERVER: YXJnaW46MCBhdXRvOyBmb250LXNpemU6MTRweDsgYm9yZGVyLXNwYWNpbmc6MHB4Ij4KICAgICAg

2024-01-28 15:59:28	1	CLIENT -> SERVER: ICAgIDx0Ym9keT4KICAgICAgICAgICAgPHRyPgogICAgICAgICAgICAgIDx0ZCBiZ2NvbG9yPSIj

2024-01-28 15:59:28	1	CLIENT -> SERVER: ZmZmIiBzdHlsZT0icGFkZGluZzogMTVweDsiPgogICAgICAgICAgICAgICAgPGZvbnQgY29sb3I9

2024-01-28 15:59:28	1	CLIENT -> SERVER: IiM3NzciIHN0eWxlPSJmb250LXNpemU6MThweCI+0KHQvtC+0LHRidC10L3QuNC1INGBINGE0L7R

2024-01-28 15:59:28	1	CLIENT -> SERVER: gNC80Ysg0L7QsdGA0LDRgtC90L7QuSDRgdCy0Y/Qt9C4PC9mb250PgogICAgICAgICAgICAgIDwv

2024-01-28 15:59:28	1	CLIENT -> SERVER: dGQ+CiAgICAgICAgICAgIDwvdHI+CiAgICAgICAgICAgIDx0cj4KICAgICAgICAgICAgICA8dGQg

2024-01-28 15:59:28	1	CLIENT -> SERVER: aGVpZ2h0PSIyNSI+PC90ZD4KICAgICAgICAgICAgPC90cj4KICAgICAgICAgICAgPHRyPgogICAg

2024-01-28 15:59:28	1	CLIENT -> SERVER: ICAgICAgICAgIDx0ZCBiZ2NvbG9yPSIjZmZmIiBzdHlsZT0icGFkZGluZzogMTVweDsiPgogICAg

2024-01-28 15:59:28	1	CLIENT -> SERVER: ICAgICAgICAgICAg0J/QvtC70YzQt9C+0LLQsNGC0LXQu9GMIDxiPtCX0LDQstC40LTQuNC5INCc

2024-01-28 15:59:28	1	CLIENT -> SERVER: 0LDQutGB0LjQvCDQrtGA0YzQtdCy0LjRhzwvYj4g0L7RgdGC0LDQstC40Lsg0YHQu9C10LTRg9GO

2024-01-28 15:59:28	1	CLIENT -> SERVER: 0YnQtdC1INGB0L7QvtCx0YnQtdC90LjQtToKICAgICAgICAgICAgICAgIDxocj4KICAgICAgICAg

2024-01-28 15:59:28	1	CLIENT -> SERVER: ICAgICAgIGdmZ2ZmZ2hnZmRmZHNhc2Fhc2RzZGFzZGFzZGFkc2EKICAgICAgICAgICAgICAgIDxo

2024-01-28 15:59:28	1	CLIENT -> SERVER: cj4KICAgICAgICAgICAgICAgIEVtYWlsINC/0L7Qu9GM0LfQvtCy0LDRgtC10LvRjzogPGI+emF2

2024-01-28 15:59:28	1	CLIENT -> SERVER: aWRpeTE5OThAbWFpbC5ydTwvYj4KICAgICAgICAgICAgICAgIDxicj4KICAgICAgICAgICAgICAg

2024-01-28 15:59:28	1	CLIENT -> SERVER: INCU0LDRgtCwINC+0YLQv9GA0LDQstC60Lg6IDxiPjI4LjAxLjIwMjQgMTg6NTk8L2I+CiAgICAg

2024-01-28 15:59:28	1	CLIENT -> SERVER: ICAgICAgICAgICA8YnI+CiAgICAgICAgICAgICAgICAKICAgICAgICAgICAgICA8L3RkPgogICAg

2024-01-28 15:59:28	1	CLIENT -> SERVER: ICAgICAgICA8L3RyPgogICAgICAgICAgICA8dHI+CiAgICAgICAgICAgICAgPHRkIGhlaWdodD0i

2024-01-28 15:59:28	1	CLIENT -> SERVER: MjUiPjwvdGQ+CiAgICAgICAgICAgIDwvdHI+CiAgICAgICAgICAgIDx0cj4KICAgICAgICAgICAg

2024-01-28 15:59:28	1	CLIENT -> SERVER: ICA8dGQgYmdjb2xvcj0iI2ZmZiAiIHN0eWxlPSJwYWRkaW5nOiAyMHB4IDE1cHg7IGNvbG9yOiAj

2024-01-28 15:59:28	1	CLIENT -> SERVER: Nzc3OyBmb250LXNpemU6IDE0cHg7Ij4KICAgICAgICAgICAgICAgIDxwPiZjb3B5OyAyMDIyINCc

2024-01-28 15:59:28	1	CLIENT -> SERVER: 0L7QuSDRgdCw0LnRgi48L3A+CiAgICAgICAgICAgICAgPC90ZD4KICAgICAgICAgICAgPC90cj4K

2024-01-28 15:59:28	1	CLIENT -> SERVER: ICAgICAgICAgIDwvdGJvZHk+CiAgICAgICAgPC90YWJsZT4KICAgICAgPC90ZD4KICAgIDwvdHI+

2024-01-28 15:59:28	1	CLIENT -> SERVER: CiAgPC90Ym9keT4KPC90YWJsZT4K

2024-01-28 15:59:28	1	CLIENT -> SERVER: 

2024-01-28 15:59:28	1	CLIENT -> SERVER: .

2024-01-28 15:59:28	2	SERVER -> CLIENT: 250 2.0.0 Ok: queued on mail-nwsmtp-smtp-production-main-25.sas.yp-c.yandex.net 1706457568-SxZiB8A8P8c0-3PhHvR8s

2024-01-28 15:59:28	1	CLIENT -> SERVER: QUIT

2024-01-28 15:59:28	2	SERVER -> CLIENT: 221 2.0.0 Closing connecton

2024-01-28 15:59:48	2	SERVER -> CLIENT: 220 mail-nwsmtp-smtp-production-main-77.iva.yp-c.yandex.net (Want to use Yandex.Mail for your domain? Visit http://pdd.yandex.ru) 1706457587-lxZdgqkOfmI0

2024-01-28 15:59:48	1	CLIENT -> SERVER: EHLO kant-design.ru

2024-01-28 15:59:48	2	SERVER -> CLIENT: 250-mail-nwsmtp-smtp-production-main-77.iva.yp-c.yandex.net
250-8BITMIME
250-PIPELINING
250-SIZE 53477376
250-STARTTLS
250-AUTH LOGIN PLAIN XOAUTH2
250-DSN
250 ENHANCEDSTATUSCODES

2024-01-28 15:59:48	1	CLIENT -> SERVER: AUTH LOGIN

2024-01-28 15:59:48	2	SERVER -> CLIENT: 334 VXNlcm5hbWU6

2024-01-28 15:59:48	1	CLIENT -> SERVER: [credentials hidden]
2024-01-28 15:59:48	2	SERVER -> CLIENT: 334 UGFzc3dvcmQ6

2024-01-28 15:59:48	1	CLIENT -> SERVER: [credentials hidden]
2024-01-28 15:59:48	2	SERVER -> CLIENT: 235 2.7.0 Authentication successful. 1706457588-lxZdgqkOfmI0

2024-01-28 15:59:48	1	CLIENT -> SERVER: MAIL FROM:<valeriazavidy@yandex.ru>

2024-01-28 15:59:48	2	SERVER -> CLIENT: 250 2.1.0 <valeriazavidy@yandex.ru> ok 1706457588-lxZdgqkOfmI0-JE1fHMk6

2024-01-28 15:59:48	1	CLIENT -> SERVER: RCPT TO:<valeriazavidy@yandex.ru>

2024-01-28 15:59:48	2	SERVER -> CLIENT: 250 2.1.5 <valeriazavidy@yandex.ru> recipient ok 1706457588-lxZdgqkOfmI0-JE1fHMk6

2024-01-28 15:59:48	1	CLIENT -> SERVER: DATA

2024-01-28 15:59:48	2	SERVER -> CLIENT: 354 Start mail input, end with <CRLF>.<CRLF>

2024-01-28 15:59:48	1	CLIENT -> SERVER: Date: Sun, 28 Jan 2024 18:59:47 +0300

2024-01-28 15:59:48	1	CLIENT -> SERVER: To: valeriazavidy@yandex.ru

2024-01-28 15:59:48	1	CLIENT -> SERVER: From: Site <valeriazavidy@yandex.ru>

2024-01-28 15:59:48	1	CLIENT -> SERVER: Subject: =?UTF-8?B?0KHQvtC+0LHRidC10L3QuNC1INGBINGE0L7RgNC80Ysg0L7QsdGA0LDRgtC9?=

2024-01-28 15:59:48	1	CLIENT -> SERVER:  =?UTF-8?B?0L7QuSDRgdCy0Y/Qt9C4?=

2024-01-28 15:59:48	1	CLIENT -> SERVER: Message-ID: <WqbEGZiEhie3BzONKOD7HKEzJYlCDBq6E3WZ6idFH0@kant-design.ru>

2024-01-28 15:59:48	1	CLIENT -> SERVER: X-Mailer: PHPMailer 6.6.0 (https://github.com/PHPMailer/PHPMailer)

2024-01-28 15:59:48	1	CLIENT -> SERVER: MIME-Version: 1.0

2024-01-28 15:59:48	1	CLIENT -> SERVER: Content-Type: text/html; charset=UTF-8

2024-01-28 15:59:48	1	CLIENT -> SERVER: Content-Transfer-Encoding: base64

2024-01-28 15:59:48	1	CLIENT -> SERVER: 

2024-01-28 15:59:48	1	CLIENT -> SERVER: PHRhYmxlIHN0eWxlPSJiYWNrZ3JvdW5kLWNvbG9yOiNmMWYxZjE7IHdpZHRoOjEwMCU7IiBhbGln

2024-01-28 15:59:48	1	CLIENT -> SERVER: bj0iY2VudGVyIiB3aWR0aD0iMTAwJSIgYm9yZGVyPSIwIiBjZWxscGFkZGluZz0iMCIgY2VsbHNw

2024-01-28 15:59:48	1	CLIENT -> SERVER: YWNpbmc9IjAiPgogIDx0Ym9keT4KICAgIDx0cj4KICAgICAgPHRkIGFsaWduPSJjZW50ZXIiIHN0

2024-01-28 15:59:48	1	CLIENT -> SERVER: eWxlPSJ2ZXJ0aWNhbC1hbGlnbjp0b3A7IHBhZGRpbmc6MzBweCAwOyB0ZXh0LWFsaWduOmNlbnRl

2024-01-28 15:59:48	1	CLIENT -> SERVER: ciI+CiAgICAgICAgPHRhYmxlIHN0eWxlPSJ0ZXh0LWFsaWduOmxlZnQ7IHdpZHRoOjY4MHB4OyBt

2024-01-28 15:59:48	1	CLIENT -> SERVER: YXJnaW46MCBhdXRvOyBmb250LXNpemU6MTRweDsgYm9yZGVyLXNwYWNpbmc6MHB4Ij4KICAgICAg

2024-01-28 15:59:48	1	CLIENT -> SERVER: ICAgIDx0Ym9keT4KICAgICAgICAgICAgPHRyPgogICAgICAgICAgICAgIDx0ZCBiZ2NvbG9yPSIj

2024-01-28 15:59:48	1	CLIENT -> SERVER: ZmZmIiBzdHlsZT0icGFkZGluZzogMTVweDsiPgogICAgICAgICAgICAgICAgPGZvbnQgY29sb3I9

2024-01-28 15:59:48	1	CLIENT -> SERVER: IiM3NzciIHN0eWxlPSJmb250LXNpemU6MThweCI+0KHQvtC+0LHRidC10L3QuNC1INGBINGE0L7R

2024-01-28 15:59:48	1	CLIENT -> SERVER: gNC80Ysg0L7QsdGA0LDRgtC90L7QuSDRgdCy0Y/Qt9C4PC9mb250PgogICAgICAgICAgICAgIDwv

2024-01-28 15:59:48	1	CLIENT -> SERVER: dGQ+CiAgICAgICAgICAgIDwvdHI+CiAgICAgICAgICAgIDx0cj4KICAgICAgICAgICAgICA8dGQg

2024-01-28 15:59:48	1	CLIENT -> SERVER: aGVpZ2h0PSIyNSI+PC90ZD4KICAgICAgICAgICAgPC90cj4KICAgICAgICAgICAgPHRyPgogICAg

2024-01-28 15:59:48	1	CLIENT -> SERVER: ICAgICAgICAgIDx0ZCBiZ2NvbG9yPSIjZmZmIiBzdHlsZT0icGFkZGluZzogMTVweDsiPgogICAg

2024-01-28 15:59:48	1	CLIENT -> SERVER: ICAgICAgICAgICAg0J/QvtC70YzQt9C+0LLQsNGC0LXQu9GMIDxiPtCX0LDQstC40LTQuNC5INCc

2024-01-28 15:59:48	1	CLIENT -> SERVER: 0LDQutGB0LjQvCDQrtGA0YzQtdCy0LjRhzwvYj4g0L7RgdGC0LDQstC40Lsg0YHQu9C10LTRg9GO

2024-01-28 15:59:48	1	CLIENT -> SERVER: 0YnQtdC1INGB0L7QvtCx0YnQtdC90LjQtToKICAgICAgICAgICAgICAgIDxocj4KICAgICAgICAg

2024-01-28 15:59:48	1	CLIENT -> SERVER: ICAgICAgIGZnZmdmZ2ZnZmdmZ2ZnZmdmZ2ZnZmdmZ2ZnZmdmZmdnZmdmZ2YKICAgICAgICAgICAg

2024-01-28 15:59:48	1	CLIENT -> SERVER: ICAgIDxocj4KICAgICAgICAgICAgICAgIEVtYWlsINC/0L7Qu9GM0LfQvtCy0LDRgtC10LvRjzog

2024-01-28 15:59:48	1	CLIENT -> SERVER: PGI+emF2aWRpeTE5OThAbWFpbC5ydTwvYj4KICAgICAgICAgICAgICAgIDxicj4KICAgICAgICAg

2024-01-28 15:59:48	1	CLIENT -> SERVER: ICAgICAgINCU0LDRgtCwINC+0YLQv9GA0LDQstC60Lg6IDxiPjI4LjAxLjIwMjQgMTg6NTk8L2I+

2024-01-28 15:59:48	1	CLIENT -> SERVER: CiAgICAgICAgICAgICAgICA8YnI+CiAgICAgICAgICAgICAgICAKICAgICAgICAgICAgICA8L3Rk

2024-01-28 15:59:48	1	CLIENT -> SERVER: PgogICAgICAgICAgICA8L3RyPgogICAgICAgICAgICA8dHI+CiAgICAgICAgICAgICAgPHRkIGhl

2024-01-28 15:59:48	1	CLIENT -> SERVER: aWdodD0iMjUiPjwvdGQ+CiAgICAgICAgICAgIDwvdHI+CiAgICAgICAgICAgIDx0cj4KICAgICAg

2024-01-28 15:59:48	1	CLIENT -> SERVER: ICAgICAgICA8dGQgYmdjb2xvcj0iI2ZmZiAiIHN0eWxlPSJwYWRkaW5nOiAyMHB4IDE1cHg7IGNv

2024-01-28 15:59:48	1	CLIENT -> SERVER: bG9yOiAjNzc3OyBmb250LXNpemU6IDE0cHg7Ij4KICAgICAgICAgICAgICAgIDxwPiZjb3B5OyAy

2024-01-28 15:59:48	1	CLIENT -> SERVER: MDIyINCc0L7QuSDRgdCw0LnRgi48L3A+CiAgICAgICAgICAgICAgPC90ZD4KICAgICAgICAgICAg

2024-01-28 15:59:48	1	CLIENT -> SERVER: PC90cj4KICAgICAgICAgIDwvdGJvZHk+CiAgICAgICAgPC90YWJsZT4KICAgICAgPC90ZD4KICAg

2024-01-28 15:59:48	1	CLIENT -> SERVER: IDwvdHI+CiAgPC90Ym9keT4KPC90YWJsZT4K

2024-01-28 15:59:48	1	CLIENT -> SERVER: 

2024-01-28 15:59:48	1	CLIENT -> SERVER: .

2024-01-28 15:59:48	2	SERVER -> CLIENT: 250 2.0.0 Ok: queued on mail-nwsmtp-smtp-production-main-77.iva.yp-c.yandex.net 1706457588-lxZdgqkOfmI0-JE1fHMk6

2024-01-28 15:59:48	1	CLIENT -> SERVER: QUIT

2024-01-28 15:59:48	2	SERVER -> CLIENT: 221 2.0.0 Closing connecton

